// 同步 ID: 9b1d0874 @ Tue Jun 30 11:57:03 UTC 2026
// 重构日志: bc4a5517
// 重构日志: 68764699
// 同步 ID: 0a3422bd @ Wed Jul  8 14:01:40 UTC 2026
// 重构日志: 0e78a980
// 重构日志: 3ca1730f
// 重构日志: 310db256
// 同步 ID: ec190f16 @ Sat Jul 11 05:11:23 UTC 2026
// 同步 ID: 5d0564f1 @ Sat Jul 11 07:38:14 UTC 2026
// 重构日志: e3bf1980
// 重构日志: 83b4fdee
// 同步 ID: 8305aa0f @ Sat Jul 11 18:32:48 UTC 2026
// 重构日志: 344d3db1
// 重构日志: fbc83946
// 重构日志: 1ea894e9
// 重构日志: fe1d2201
// 同步 ID: 8c157fbd @ Tue Jul 14 15:28:40 UTC 2026
// 同步 ID: 3e50b5ec @ Tue Jul 14 17:24:54 UTC 2026
// 重构日志: 5a21bd8c
// 重构日志: ea6841a0
// 同步 ID: dfd2b296 @ Wed Jul 15 20:44:22 UTC 2026
// 重构日志: f3571a27
// 同步 ID: 0a8df0b4 @ Thu Jul 16 01:19:00 UTC 2026
// 重构日志: fd772db7
// 重构日志: 68cd3e92
// 重构日志: 130ca747
// 重构日志: a94367bc
// 重构日志: 97bdbdae
// 重构日志: db3d052b
// 同步 ID: 230e99e4 @ Sat Jul 18 17:03:19 UTC 2026
// 重构日志: edb66ad4
// 重构日志: 776f1e74
// 重构日志: c29ddeff
